character output
S u c c e s s   i s   n o t   f i n a l 
octal output
0123 0165 0143 0143 0145 0163 0163 0040 0151 0163 0040 0156 0157 0164 0040 0146 0151 0156 0141 0154 
decimal output
 83 117  99  99 101 115 115  32 105 115  32 110 111 116  32 102 105 110  97 108 
hex output
0x53 0x75 0x63 0x63 0x65 0x73 0x73 0x20 0x69 0x73 0x20 0x6e 0x6f 0x74 0x20 0x66 0x69 0x6e 0x61 0x6c 
character output
    F a i l u r e   i s   n o t   f a t a l 
octal output
0040 0040 0106 0141 0151 0154 0165 0162 0145 0040 0151 0163 0040 0156 0157 0164 0040 0146 0141 0164 0141 0154 
decimal output
 32  32  70  97 105 108 117 114 101  32 105 115  32 110 111 116  32 102  97 116  97 108 
hex output
0x20 0x20 0x46 0x61 0x69 0x6c 0x75 0x72 0x65 0x20 0x69 0x73 0x20 0x6e 0x6f 0x74 0x20 0x66 0x61 0x74 0x61 0x6c 
character output
        I t   i s   t h e   c o u r a g e   t o   c o n t i n u e   t h a t   c o u n t s . 
octal output
0040 0040 0040 0040 0111 0164 0040 0151 0163 0040 0164 0150 0145 0040 0143 0157 0165 0162 0141 0147 0145 0040 0164 0157 0040 0143 0157 0156 0164 0151 0156 0165 0145 0040 0164 0150 0141 0164 0040 0143 0157 0165 0156 0164 0163 0056 
decimal output
 32  32  32  32  73 116  32 105 115  32 116 104 101  32  99 111 117 114  97 103 101  32 116 111  32  99 111 110 116 105 110 117 101  32 116 104  97 116  32  99 111 117 110 116 115  46 
hex output
0x20 0x20 0x20 0x20 0x49 0x74 0x20 0x69 0x73 0x20 0x74 0x68 0x65 0x20 0x63 0x6f 0x75 0x72 0x61 0x67 0x65 0x20 0x74 0x6f 0x20 0x63 0x6f 0x6e 0x74 0x69 0x6e 0x75 0x65 0x20 0x74 0x68 0x61 0x74 0x20 0x63 0x6f 0x75 0x6e 0x74 0x73 0x2e 
character output
	 	 W i n s t o n   C h u r c h i l l 
octal output
0011 0011 0127 0151 0156 0163 0164 0157 0156 0040 0103 0150 0165 0162 0143 0150 0151 0154 0154 
decimal output
  9   9  87 105 110 115 116 111 110  32  67 104 117 114  99 104 105 108 108 
hex output
0x09 0x09 0x57 0x69 0x6e 0x73 0x74 0x6f 0x6e 0x20 0x43 0x68 0x75 0x72 0x63 0x68 0x69 0x6c 0x6c 
