character output
a b c d e f g h i j k l m 
octal output
0141 0142 0143 0144 0145 0146 0147 0150 0151 0152 0153 0154 0155 
decimal output
 97  98  99 100 101 102 103 104 105 106 107 108 109 
hex output
0x61 0x62 0x63 0x64 0x65 0x66 0x67 0x68 0x69 0x6a 0x6b 0x6c 0x6d 
character output
n o p q r s t u v w x y z 
octal output
0156 0157 0160 0161 0162 0163 0164 0165 0166 0167 0170 0171 0172 
decimal output
110 111 112 113 114 115 116 117 118 119 120 121 122 
hex output
0x6e 0x6f 0x70 0x71 0x72 0x73 0x74 0x75 0x76 0x77 0x78 0x79 0x7a 
character output
0 1 2 3 4 5 6 7 8 9 
octal output
0060 0061 0062 0063 0064 0065 0066 0067 0070 0071 
decimal output
 48  49  50  51  52  53  54  55  56  57 
hex output
0x30 0x31 0x32 0x33 0x34 0x35 0x36 0x37 0x38 0x39 
